0 info it worked if it ends with ok
1 verbose cli [ 'C:\\Program Files\\nodejs\\node.exe',
1 verbose cli   'C:\\Program Files\\nodejs\\node_modules\\npm\\bin\\npm-cli.js',
1 verbose cli   'install',
1 verbose cli   'anagram' ]
2 info using npm@4.1.2
3 info using node@v7.5.0
4 silly loadCurrentTree Starting
5 silly install loadCurrentTree
6 silly install readLocalPackageData
7 silly fetchPackageMetaData anagram
8 silly fetchNamedPackageData anagram
9 silly mapToRegistry name anagram
10 silly mapToRegistry using default registry
11 silly mapToRegistry registry https://registry.npmjs.org/
12 silly mapToRegistry data Result {
12 silly mapToRegistry   raw: 'anagram',
12 silly mapToRegistry   scope: null,
12 silly mapToRegistry   escapedName: 'anagram',
12 silly mapToRegistry   name: 'anagram',
12 silly mapToRegistry   rawSpec: '',
12 silly mapToRegistry   spec: 'latest',
12 silly mapToRegistry   type: 'tag' }
13 silly mapToRegistry uri https://registry.npmjs.org/anagram
14 verbose request uri https://registry.npmjs.org/anagram
15 verbose request no auth needed
16 info attempt registry request try #1 at 3:27:41 PM
17 verbose request id 7f78825c01a01b02
18 http request GET https://registry.npmjs.org/anagram
19 http 200 https://registry.npmjs.org/anagram
20 verbose headers { server: 'nginx/1.10.1',
20 verbose headers   'content-type': 'application/json',
20 verbose headers   'last-modified': 'Thu, 19 Apr 2012 03:24:11 GMT',
20 verbose headers   etag: 'W/"4f8f855b-2176"',
20 verbose headers   'content-encoding': 'gzip',
20 verbose headers   'cache-control': 'max-age=300',
20 verbose headers   'content-length': '1486',
20 verbose headers   'accept-ranges': 'bytes',
20 verbose headers   date: 'Mon, 06 Feb 2017 23:27:41 GMT',
20 verbose headers   via: '1.1 varnish',
20 verbose headers   age: '0',
20 verbose headers   connection: 'keep-alive',
20 verbose headers   'x-served-by': 'cache-sea1020-SEA',
20 verbose headers   'x-cache': 'MISS',
20 verbose headers   'x-cache-hits': '0',
20 verbose headers   'x-timer': 'S1486423661.897664,VS0,VE13',
20 verbose headers   vary: 'Accept-Encoding' }
21 silly get cb [ 200,
21 silly get   { server: 'nginx/1.10.1',
21 silly get     'content-type': 'application/json',
21 silly get     'last-modified': 'Thu, 19 Apr 2012 03:24:11 GMT',
21 silly get     etag: 'W/"4f8f855b-2176"',
21 silly get     'content-encoding': 'gzip',
21 silly get     'cache-control': 'max-age=300',
21 silly get     'content-length': '1486',
21 silly get     'accept-ranges': 'bytes',
21 silly get     date: 'Mon, 06 Feb 2017 23:27:41 GMT',
21 silly get     via: '1.1 varnish',
21 silly get     age: '0',
21 silly get     connection: 'keep-alive',
21 silly get     'x-served-by': 'cache-sea1020-SEA',
21 silly get     'x-cache': 'MISS',
21 silly get     'x-cache-hits': '0',
21 silly get     'x-timer': 'S1486423661.897664,VS0,VE13',
21 silly get     vary: 'Accept-Encoding' } ]
22 verbose get saving anagram to C:\Users\Owen\AppData\Roaming\npm-cache\registry.npmjs.org\anagram\.cache.json
23 verbose correctMkdir C:\Users\Owen\AppData\Roaming\npm-cache correctMkdir not in flight; initializing
24 verbose makeDirectory C:\Users\Owen\AppData\Roaming\npm-cache creation not in flight; initializing
25 verbose makeCacheDir UID & GID are irrelevant on win32
26 silly install normalizeTree
27 silly loadCurrentTree Finishing
28 silly loadIdealTree Starting
29 silly install loadIdealTree
30 silly cloneCurrentTree Starting
31 silly install cloneCurrentTreeToIdealTree
32 silly cloneCurrentTree Finishing
33 silly loadShrinkwrap Starting
34 silly install loadShrinkwrap
35 silly loadShrinkwrap Finishing
36 silly loadAllDepsIntoIdealTree Starting
37 silly install loadAllDepsIntoIdealTree
38 silly rollbackFailedOptional Starting
39 silly rollbackFailedOptional Finishing
40 silly runTopLevelLifecycles Finishing
41 silly install printInstalled
42 verbose stack Error: Refusing to install package with name "anagram" under a package
42 verbose stack also called "anagram". Did you name your project the same
42 verbose stack as the dependency you're installing?
42 verbose stack
42 verbose stack For more information, see:
42 verbose stack     <https://docs.npmjs.com/cli/install#limitations-of-npms-install-algorithm>
42 verbose stack     at checkSelf (C:\Program Files\nodejs\node_modules\npm\lib\install\validate-args.js:53:14)
42 verbose stack     at Array.<anonymous> (C:\Program Files\nodejs\node_modules\npm\node_modules\slide\lib\bind-actor.js:15:8)
42 verbose stack     at LOOP (C:\Program Files\nodejs\node_modules\npm\node_modules\slide\lib\chain.js:15:14)
42 verbose stack     at chain (C:\Program Files\nodejs\node_modules\npm\node_modules\slide\lib\chain.js:20:5)
42 verbose stack     at C:\Program Files\nodejs\node_modules\npm\lib\install\validate-args.js:16:5
42 verbose stack     at C:\Program Files\nodejs\node_modules\npm\node_modules\slide\lib\async-map.js:52:35
42 verbose stack     at Array.forEach (native)
42 verbose stack     at C:\Program Files\nodejs\node_modules\npm\node_modules\slide\lib\async-map.js:52:11
42 verbose stack     at Array.forEach (native)
42 verbose stack     at asyncMap (C:\Program Files\nodejs\node_modules\npm\node_modules\slide\lib\async-map.js:51:8)
43 verbose cwd F:\Programing\Node.js\Anagram
44 error Windows_NT 10.0.14393
45 error argv "C:\\Program Files\\nodejs\\node.exe" "C:\\Program Files\\nodejs\\node_modules\\npm\\bin\\npm-cli.js" "install" "anagram"
46 error node v7.5.0
47 error npm  v4.1.2
48 error code ENOSELF
49 error Refusing to install package with name "anagram" under a package
49 error also called "anagram". Did you name your project the same
49 error as the dependency you're installing?
49 error
49 error For more information, see:
49 error     <https://docs.npmjs.com/cli/install#limitations-of-npms-install-algorithm>
50 error If you need help, you may report this error at:
50 error     <https://github.com/npm/npm/issues>
51 verbose exit [ 1, true ]
